<?xml version="1.0" encoding="UTF-8"?>
<!-- Generated by org.testng.reporters.JUnitReportReporter -->
<testsuite hostname="LAPTOP-TAVTASOM" failures="0" tests="17" name="SelfAssesment.selfAssesment" time="9.161" errors="0" timestamp="2021-02-18T09:36:24 WIB" skipped="0">
  <testcase classname="SelfAssesment.selfAssesment" name="selectMagang" time="0.223"/>
  <system-out/>
  <testcase classname="SelfAssesment.selfAssesment" name="buttonNext" time="1.040"/>
  <system-out/>
  <testcase classname="SelfAssesment.selfAssesment" name="isiNama" time="0.321"/>
  <system-out/>
  <testcase classname="SelfAssesment.selfAssesment" name="isiKtp" time="0.187"/>
  <system-out/>
  <testcase classname="SelfAssesment.selfAssesment" name="isiNoHp" time="0.204"/>
  <system-out/>
  <testcase classname="SelfAssesment.selfAssesment" name="isiNamaAtasan" time="0.147"/>
  <system-out/>
  <testcase classname="SelfAssesment.selfAssesment" name="isiDepartemen" time="0.144"/>
  <system-out/>
  <testcase classname="SelfAssesment.selfAssesment" name="isiNoHpAtasan" time="0.196"/>
  <system-out/>
  <testcase classname="SelfAssesment.selfAssesment" name="goTo3rdPage" time="0.700"/>
  <system-out/>
  <testcase classname="SelfAssesment.selfAssesment" name="pickBerpergian" time="0.269"/>
  <system-out/>
  <testcase classname="SelfAssesment.selfAssesment" name="isiBerpergian" time="0.110"/>
  <system-out/>
  <testcase classname="SelfAssesment.selfAssesment" name="pickTransportasi" time="0.128"/>
  <system-out/>
  <testcase classname="SelfAssesment.selfAssesment" name="pickKegiatan" time="0.110"/>
  <system-out/>
  <testcase classname="SelfAssesment.selfAssesment" name="pickKasus" time="0.124"/>
  <system-out/>
  <testcase classname="SelfAssesment.selfAssesment" name="goTo4thPage" time="0.681"/>
  <system-out/>
  <testcase classname="SelfAssesment.selfAssesment" name="pickTidak" time="3.645"/>
  <system-out/>
  <testcase classname="SelfAssesment.selfAssesment" name="submitPage" time="0.932"/>
  <system-out/>
</testsuite> <!-- SelfAssesment.selfAssesment -->
